
Showing logs for build [32mcb-kubecd-environment-pr-102-74-cfmpp-1[0m stage [32mfrom-build-pack[0m and container [32mstep-credential-initializer-dhcnq[0m
{"level":"warn","ts":1576594978.4269664,"logger":"fallback-logger","caller":"logging/config.go:69","msg":"Fetch GitHub commit ID from kodata failed: \"ref: refs/heads/master\" is not a valid GitHub commit ID"}
{"level":"info","ts":1576594978.4277718,"logger":"fallback-logger","caller":"creds-init/main.go:40","msg":"Credentials initialized."}

Showing logs for build [32mcb-kubecd-environment-pr-102-74-cfmpp-1[0m stage [32mfrom-build-pack[0m and container [32mstep-working-dir-initializer-k44sm[0m
{"level":"warn","ts":1576594979.4650686,"logger":"fallback-logger","caller":"logging/config.go:69","msg":"Fetch GitHub commit ID from kodata failed: open /var/run/ko/HEAD: no such file or directory"}
{"level":"info","ts":1576594979.4666808,"logger":"fallback-logger","caller":"bash/main.go:65","msg":"Successfully executed command \"mkdir -p /workspace/source\""}

Showing logs for build [32mcb-kubecd-environment-pr-102-74-cfmpp-1[0m stage [32mfrom-build-pack[0m and container [32mstep-place-tools[0m

Showing logs for build [32mcb-kubecd-environment-pr-102-74-cfmpp-1[0m stage [32mfrom-build-pack[0m and container [32mstep-git-source-cb-kubecd-environment-pr-102-74-rr78w[0m
{"level":"warn","ts":1576594983.5611663,"logger":"fallback-logger","caller":"logging/config.go:69","msg":"Fetch GitHub commit ID from kodata failed: \"ref: refs/heads/master\" is not a valid GitHub commit ID"}
{"level":"info","ts":1576594984.6688075,"logger":"fallback-logger","caller":"git/git.go:102","msg":"Successfully cloned https://github.com/cb-kubecd/environment-pr-102-74-boot-gke-production.git @ master in path /workspace/source"}

Showing logs for build [32mcb-kubecd-environment-pr-102-74-cfmpp-1[0m stage [32mfrom-build-pack[0m and container [32mstep-git-merge[0m
Using SHAs from PULL_REFS=master:ed572515bc463c5f1eda9e70423a58bc9d821072,1:2fa613d04f77e36d7d6b82435ca3fb796eb8ba7b
DEBUG: ran git fetch --unshallow origin 2fa613d04f77e36d7d6b82435ca3fb796eb8ba7b: ed572515bc463c5f1eda9e70423a58bc9d821072: in 
DEBUG: ran git checkout master in 
DEBUG: ran git reset --hard ed572515bc463c5f1eda9e70423a58bc9d821072 in 
DEBUG: ran clean --force -d . in 
DEBUG: ran git merge 2fa613d04f77e36d7d6b82435ca3fb796eb8ba7b in 
Merged SHA 2fa613d04f77e36d7d6b82435ca3fb796eb8ba7b with commit message 'chore: Promote bdd-spring-1576594094 to version 0.0.1' into base branch master

Showing logs for build [32mcb-kubecd-environment-pr-102-74-cfmpp-1[0m stage [32mfrom-build-pack[0m and container [32mstep-build-helm-build[0m
WARNING: No $CHART_REPOSITORY defined so using the default value of: http://jenkins-x-chartmuseum:8080
Adding missing Helm repo: storage.googleapis.com https://storage.googleapis.com/chartmuseum.jenkins-x.io
Read credentials for https://storage.googleapis.com/chartmuseum.jenkins-x.io from vault helm/repos
Successfully added Helm repository storage.googleapis.com.
Adding missing Helm repo: jenkins-x-chartmuseum http://jenkins-x-chartmuseum:8080
Read credentials for http://jenkins-x-chartmuseum:8080 from vault helm/repos
Successfully added Helm repository jenkins-x-chartmuseum.
WARNING: No $CHART_REPOSITORY defined so using the default value of: http://jenkins-x-chartmuseum:8080
Adding missing Helm repo: chartmuseum.jenkins-x.io http://chartmuseum.jenkins-x.io
Read credentials for http://chartmuseum.jenkins-x.io from vault helm/repos
Successfully added Helm repository chartmuseum.jenkins-x.io.
